<?xml version="1.0" encoding="UTF-8"?>
<testsuite xmlns:xsi="http://www.w3.org/2001/XMLSchema-instance" xsi:noNamespaceSchemaLocation="https://maven.apache.org/surefire/maven-surefire-plugin/xsd/surefire-test-report-3.0.xsd" version="3.0" name="TestSuite" time="27.974" tests="5" errors="0" skipped="1" failures="3">
  <properties>
[...]
</properties>
  <testcase name="LoginErrorValidation" classname="shravang.Tests.ErrorHandlingTest" time="0.691">
    <system-out><![CDATA[shravang.pageobjects.ProductCatalog@b7803b5
]]></system-out>
    <system-err><![CDATA[SLF4J: Failed to load class "org.slf4j.impl.StaticLoggerBinder".
SLF4J: Defaulting to no-operation (NOP) logger implementation
SLF4J: See http://www.slf4j.org/codes.html#StaticLoggerBinder for further details.
Dec 20, 2023 2:48:02 PM org.openqa.selenium.remote.service.DriverService$Builder getLogOutput
INFO: Driver logs no longer sent to console by default; https://www.selenium.dev/documentation/webdriver/drivers/service/#setting-log-output
Dec 20, 2023 2:48:02 PM org.openqa.selenium.remote.service.DriverService$Builder getLogOutput
INFO: Driver logs no longer sent to console by default; https://www.selenium.dev/documentation/webdriver/drivers/service/#setting-log-output
]]></system-err>
  </testcase>
  <testcase name="ProductErrorValidation" classname="shravang.Tests.ErrorHandlingTest" time="1.115">
    <failure message="Cannot invoke &quot;org.openqa.selenium.WebElement.findElement(org.openqa.selenium.By)&quot; because &quot;product&quot; is null" type="java.lang.NullPointerException"><![CDATA[java.lang.NullPointerException: Cannot invoke "org.openqa.selenium.WebElement.findElement(org.openqa.selenium.By)" because "product" is null
	at shravang.pageobjects.ProductCatalog.addProductToCart(ProductCatalog.java:58)
	at shravang.Tests.ErrorHandlingTest.ProductErrorValidation(ErrorHandlingTest.java:39)
	at java.base/jdk.internal.reflect.DirectMethodHandleAccessor.invoke(DirectMethodHandleAccessor.java:103)
	at java.base/java.lang.reflect.Method.invoke(Method.java:580)
	at org.testng.internal.invokers.MethodInvocationHelper.invokeMethod(MethodInvocationHelper.java:139)
	at org.testng.internal.invokers.TestInvoker.invokeMethod(TestInvoker.java:664)
	at org.testng.internal.invokers.TestInvoker.invokeTestMethod(TestInvoker.java:227)
	at org.testng.internal.invokers.MethodRunner.runInSequence(MethodRunner.java:50)
	at org.testng.internal.invokers.TestInvoker$MethodInvocationAgent.invoke(TestInvoker.java:957)
	at org.testng.internal.invokers.TestInvoker.invokeTestMethods(TestInvoker.java:200)
	at org.testng.internal.invokers.TestMethodWorker.invokeTestMethods(TestMethodWorker.java:148)
	at org.testng.internal.invokers.TestMethodWorker.run(TestMethodWorker.java:128)
	at java.base/java.util.ArrayList.forEach(ArrayList.java:1596)
	at org.testng.TestRunner.privateRun(TestRunner.java:848)
	at org.testng.TestRunner.run(TestRunner.java:621)
	at org.testng.SuiteRunner.runTest(SuiteRunner.java:443)
	at org.testng.SuiteRunner$SuiteWorker.run(SuiteRunner.java:481)
	at org.testng.internal.thread.ThreadUtil.lambda$execute$0(ThreadUtil.java:58)
	at java.base/java.util.concurrent.FutureTask.run(FutureTask.java:317)
	at java.base/java.util.concurrent.ThreadPoolExecutor.runWorker(ThreadPoolExecutor.java:1144)
	at java.base/java.util.concurrent.ThreadPoolExecutor$Worker.run(ThreadPoolExecutor.java:642)
	at java.base/java.lang.Thread.run(Thread.java:1583)
]]></failure>
    <system-out><![CDATA[[[[FirefoxDriver: firefox on mac (84c6bf60-96a9-411b-b1ae-ee9d786f5a11)] -> css selector: div[class = 'card-body']], [[FirefoxDriver: firefox on mac (84c6bf60-96a9-411b-b1ae-ee9d786f5a11)] -> css selector: div[class = 'card-body']], [[FirefoxDriver: firefox on mac (84c6bf60-96a9-411b-b1ae-ee9d786f5a11)] -> css selector: div[class = 'card-body']], [[FirefoxDriver: firefox on mac (84c6bf60-96a9-411b-b1ae-ee9d786f5a11)] -> css selector: div[class = 'card-body']], [[FirefoxDriver: firefox on mac (84c6bf60-96a9-411b-b1ae-ee9d786f5a11)] -> css selector: div[class = 'card-body']], [[FirefoxDriver: firefox on mac (84c6bf60-96a9-411b-b1ae-ee9d786f5a11)] -> css selector: div[class = 'card-body']]]
]]></system-out>
    <system-err><![CDATA[Dec 20, 2023 2:48:16 PM org.openqa.selenium.remote.service.DriverService$Builder getLogOutput
INFO: Driver logs no longer sent to console by default; https://www.selenium.dev/documentation/webdriver/drivers/service/#setting-log-output
Dec 20, 2023 2:48:16 PM org.openqa.selenium.remote.service.DriverService$Builder getLogOutput
INFO: Driver logs no longer sent to console by default; https://www.selenium.dev/documentation/webdriver/drivers/service/#setting-log-output
]]></system-err>
  </testcase>
  <testcase name="submitOrder[{pwd=Test@123, product=ZARA COAT 3, emailID=shravangundu231@gmail.com}](1)" classname="shravang.Tests.StandAloneTest" time="1.414">
    <failure message="Cannot invoke &quot;org.openqa.selenium.WebElement.findElement(org.openqa.selenium.By)&quot; because &quot;product&quot; is null" type="java.lang.NullPointerException"><![CDATA[java.lang.NullPointerException: Cannot invoke "org.openqa.selenium.WebElement.findElement(org.openqa.selenium.By)" because "product" is null
	at shravang.pageobjects.ProductCatalog.addProductToCart(ProductCatalog.java:58)
	at shravang.Tests.StandAloneTest.submitOrder(StandAloneTest.java:40)
	at java.base/jdk.internal.reflect.DirectMethodHandleAccessor.invoke(DirectMethodHandleAccessor.java:103)
	at java.base/java.lang.reflect.Method.invoke(Method.java:580)
	at org.testng.internal.invokers.MethodInvocationHelper.invokeMethod(MethodInvocationHelper.java:139)
	at org.testng.internal.invokers.TestInvoker.invokeMethod(TestInvoker.java:664)
	at org.testng.internal.invokers.TestInvoker.invokeTestMethod(TestInvoker.java:227)
	at org.testng.internal.invokers.MethodRunner.runInSequence(MethodRunner.java:50)
	at org.testng.internal.invokers.TestInvoker$MethodInvocationAgent.invoke(TestInvoker.java:957)
	at org.testng.internal.invokers.TestInvoker.invokeTestMethods(TestInvoker.java:200)
	at org.testng.internal.invokers.TestMethodWorker.invokeTestMethods(TestMethodWorker.java:148)
	at org.testng.internal.invokers.TestMethodWorker.run(TestMethodWorker.java:128)
	at java.base/java.util.ArrayList.forEach(ArrayList.java:1596)
	at org.testng.TestRunner.privateRun(TestRunner.java:848)
	at org.testng.TestRunner.run(TestRunner.java:621)
	at org.testng.SuiteRunner.runTest(SuiteRunner.java:443)
	at org.testng.SuiteRunner$SuiteWorker.run(SuiteRunner.java:481)
	at org.testng.internal.thread.ThreadUtil.lambda$execute$0(ThreadUtil.java:58)
	at java.base/java.util.concurrent.FutureTask.run(FutureTask.java:317)
	at java.base/java.util.concurrent.ThreadPoolExecutor.runWorker(ThreadPoolExecutor.java:1144)
	at java.base/java.util.concurrent.ThreadPoolExecutor$Worker.run(ThreadPoolExecutor.java:642)
	at java.base/java.lang.Thread.run(Thread.java:1583)
]]></failure>
    <system-out><![CDATA[[[[FirefoxDriver: firefox on mac (2eed8c22-acd5-4d6e-9ceb-58bae587bfb7)] -> css selector: div[class = 'card-body']], [[FirefoxDriver: firefox on mac (2eed8c22-acd5-4d6e-9ceb-58bae587bfb7)] -> css selector: div[class = 'card-body']], [[FirefoxDriver: firefox on mac (2eed8c22-acd5-4d6e-9ceb-58bae587bfb7)] -> css selector: div[class = 'card-body']], [[FirefoxDriver: firefox on mac (2eed8c22-acd5-4d6e-9ceb-58bae587bfb7)] -> css selector: div[class = 'card-body']], [[FirefoxDriver: firefox on mac (2eed8c22-acd5-4d6e-9ceb-58bae587bfb7)] -> css selector: div[class = 'card-body']], [[FirefoxDriver: firefox on mac (2eed8c22-acd5-4d6e-9ceb-58bae587bfb7)] -> css selector: div[class = 'card-body']]]
]]></system-out>
  </testcase>
  <testcase name="submitOrder[{pwd=Test@123, product=ADIDAS ORIGINAL, emailID=shravangundu231@gmail.com}](2)" classname="shravang.Tests.StandAloneTest" time="1.096">
    <failure message="Cannot invoke &quot;org.openqa.selenium.WebElement.findElement(org.openqa.selenium.By)&quot; because &quot;product&quot; is null" type="java.lang.NullPointerException"><![CDATA[java.lang.NullPointerException: Cannot invoke "org.openqa.selenium.WebElement.findElement(org.openqa.selenium.By)" because "product" is null
	at shravang.pageobjects.ProductCatalog.addProductToCart(ProductCatalog.java:58)
	at shravang.Tests.StandAloneTest.submitOrder(StandAloneTest.java:40)
	at java.base/jdk.internal.reflect.DirectMethodHandleAccessor.invoke(DirectMethodHandleAccessor.java:103)
	at java.base/java.lang.reflect.Method.invoke(Method.java:580)
	at org.testng.internal.invokers.MethodInvocationHelper.invokeMethod(MethodInvocationHelper.java:139)
	at org.testng.internal.invokers.TestInvoker.invokeMethod(TestInvoker.java:664)
	at org.testng.internal.invokers.TestInvoker.invokeTestMethod(TestInvoker.java:227)
	at org.testng.internal.invokers.MethodRunner.runInSequence(MethodRunner.java:50)
	at org.testng.internal.invokers.TestInvoker$MethodInvocationAgent.invoke(TestInvoker.java:957)
	at org.testng.internal.invokers.TestInvoker.invokeTestMethods(TestInvoker.java:200)
	at org.testng.internal.invokers.TestMethodWorker.invokeTestMethods(TestMethodWorker.java:148)
	at org.testng.internal.invokers.TestMethodWorker.run(TestMethodWorker.java:128)
	at java.base/java.util.ArrayList.forEach(ArrayList.java:1596)
	at org.testng.TestRunner.privateRun(TestRunner.java:848)
	at org.testng.TestRunner.run(TestRunner.java:621)
	at org.testng.SuiteRunner.runTest(SuiteRunner.java:443)
	at org.testng.SuiteRunner$SuiteWorker.run(SuiteRunner.java:481)
	at org.testng.internal.thread.ThreadUtil.lambda$execute$0(ThreadUtil.java:58)
	at java.base/java.util.concurrent.FutureTask.run(FutureTask.java:317)
	at java.base/java.util.concurrent.ThreadPoolExecutor.runWorker(ThreadPoolExecutor.java:1144)
	at java.base/java.util.concurrent.ThreadPoolExecutor$Worker.run(ThreadPoolExecutor.java:642)
	at java.base/java.lang.Thread.run(Thread.java:1583)
]]></failure>
    <system-out><![CDATA[[[[FirefoxDriver: firefox on mac (00d07399-560f-42d9-98e8-57a125b4bc6a)] -> css selector: div[class = 'card-body']], [[FirefoxDriver: firefox on mac (00d07399-560f-42d9-98e8-57a125b4bc6a)] -> css selector: div[class = 'card-body']], [[FirefoxDriver: firefox on mac (00d07399-560f-42d9-98e8-57a125b4bc6a)] -> css selector: div[class = 'card-body']], [[FirefoxDriver: firefox on mac (00d07399-560f-42d9-98e8-57a125b4bc6a)] -> css selector: div[class = 'card-body']], [[FirefoxDriver: firefox on mac (00d07399-560f-42d9-98e8-57a125b4bc6a)] -> css selector: div[class = 'card-body']], [[FirefoxDriver: firefox on mac (00d07399-560f-42d9-98e8-57a125b4bc6a)] -> css selector: div[class = 'card-body']]]
]]></system-out>
  </testcase>
  <testcase name="OrderHistoryTest" classname="shravang.Tests.StandAloneTest" time="0.0">
    <skipped message="Method shravang.Tests.StandAloneTest.OrderHistoryTest() on instance shravang.Tests.StandAloneTest@7d4f9aae depends on not successfully finished methods &#10;[shravang.Tests.StandAloneTest.submitOrder() on instance shravang.Tests.StandAloneTest@7d4f9aae]"/>
  </testcase>
</testsuite>